  ROBAL.cpp
C:\Users\Luber\Desktop\graf\grafika\ROBAL\snake.h(1852,1): warning C4305: "inicjowanie": obcięcie z "double" do "float"
C:\Users\Luber\Desktop\graf\grafika\ROBAL\Collisions.h(64,20): warning C4244: "=": konwersja z "double" do "int", możliwa utrata danych
C:\Users\Luber\Desktop\graf\grafika\ROBAL\Collisions.h(68,19): warning C4244: "=": konwersja z "double" do "int", możliwa utrata danych
C:\Users\Luber\Desktop\graf\grafika\ROBAL\Collisions.h(71,20): warning C4244: "=": konwersja z "double" do "int", możliwa utrata danych
C:\Users\Luber\Desktop\graf\grafika\ROBAL\Collisions.h(75,18): warning C4244: "=": konwersja z "double" do "int", możliwa utrata danych
C:\Users\Luber\Desktop\graf\grafika\ROBAL\Collisions.h(78,20): warning C4244: "=": konwersja z "double" do "int", możliwa utrata danych
C:\Users\Luber\Desktop\graf\grafika\ROBAL\Collisions.h(82,19): warning C4244: "=": konwersja z "double" do "int", możliwa utrata danych
C:\Users\Luber\Desktop\graf\grafika\ROBAL\Model.h(112,21): warning C4018: "<": niezgodność typu ze znakiem/bez znaku
C:\Users\Luber\Desktop\graf\grafika\ROBAL\Model.h(115,23): warning C4018: "<": niezgodność typu ze znakiem/bez znaku
C:\Users\Luber\Desktop\graf\grafika\ROBAL\Model.h(153,21): warning C4018: "<": niezgodność typu ze znakiem/bez znaku
C:\Users\Luber\Desktop\graf\grafika\ROBAL\ROBAL.cpp(18,10): warning C4067: nieoczekiwane tokeny występujące po dyrektywie preprocesora - oczekiwano nowego wiersza
C:\Users\Luber\Desktop\graf\grafika\ROBAL\ROBAL.cpp(187,16): warning C4244: "inicjowanie": konwersja z "double" do "float", możliwa utrata danych
C:\Users\Luber\Desktop\graf\grafika\ROBAL\ROBAL.cpp(188,16): warning C4244: "inicjowanie": konwersja z "double" do "float", możliwa utrata danych
C:\Users\Luber\Desktop\graf\grafika\ROBAL\ROBAL.cpp(235,30): warning C4305: "argument": obcięcie z "double" do "GLclampf"
C:\Users\Luber\Desktop\graf\grafika\ROBAL\ROBAL.cpp(408,31): warning C4244: "argument": konwersja z "double" do "float", możliwa utrata danych
C:\Users\Luber\Desktop\graf\grafika\ROBAL\ROBAL.cpp(414,38): warning C4244: "argument": konwersja z "double" do "float", możliwa utrata danych
C:\Users\Luber\Desktop\graf\grafika\ROBAL\ROBAL.cpp(417,34): warning C4244: "argument": konwersja z "double" do "float", możliwa utrata danych
C:\Users\Luber\Desktop\graf\grafika\ROBAL\ROBAL.cpp(425,27): warning C4244: "+=": konwersja z "double" do "float", możliwa utrata danych
  ROBAL.vcxproj -> C:\Users\Luber\Desktop\graf\grafika\Debug\ROBAL.exe
